GROUP,PACKAGE,CLASS,INSTRUCTION_MISSED,INSTRUCTION_COVERED,BRANCH_MISSED,BRANCH_COVERED,LINE_MISSED,LINE_COVERED,COMPLEXITY_MISSED,COMPLEXITY_COVERED,METHOD_MISSED,METHOD_COVERED
donaciones-service,com.donaton.donaciones.controller,DonacionController,64,0,0,0,11,0,10,0,10,0
donaciones-service,com.donaton.donaciones.mapper,DonacionMapper,0,63,0,0,0,23,0,2,0,2
donaciones-service,com.donaton.donaciones.enums,TipoRecurso,0,39,0,0,0,7,0,1,0,1
donaciones-service,com.donaton.donaciones.enums,EstadoDonacion,0,33,0,0,0,6,0,1,0,1
donaciones-service,com.donaton.donaciones.service,DonacionService,0,144,0,0,0,43,0,12,0,12
donaciones-service,com.donaton.donaciones,DonacionesServiceApplication,8,0,0,0,3,0,2,0,2,0
